C:\Program Files (x86)\MSBuild\Microsoft.Cpp\v4.0\V140\Microsoft.CppBuild.targets(392,5): warning MSB8028: The intermediate directory (x64\Release\) contains files shared from another project (TrackerPlugin.vcxproj).  This can lead to incorrect clean and rebuild behavior.
  Tp.cpp
Tp.cpp(1): warning C4067: unexpected tokens following preprocessor directive - expected a newline
d:\visual studio 2015\projects\ulseetrackerplugin\trackerplugin\Tp.h(8): warning C4067: unexpected tokens following preprocessor directive - expected a newline
Tp.cpp(26): warning C4838: conversion from 'float' to 'int' requires a narrowing conversion
Tp.cpp(26): warning C4244: 'initializing': conversion from 'float' to 'int', possible loss of data
Tp.cpp(115): warning C4244: 'initializing': conversion from 'const float' to 'int', possible loss of data
Tp.cpp(116): warning C4244: 'initializing': conversion from 'const float' to 'int', possible loss of data
Tp.cpp(117): warning C4244: 'initializing': conversion from 'const float' to 'int', possible loss of data
Tp.cpp(118): warning C4244: 'initializing': conversion from 'const float' to 'int', possible loss of data
Tp.cpp(120): warning C4244: 'initializing': conversion from 'const float' to 'int', possible loss of data
Tp.cpp(121): warning C4244: 'initializing': conversion from 'const float' to 'int', possible loss of data
Tp.cpp(123): warning C4244: 'initializing': conversion from 'const float' to 'int', possible loss of data
Tp.cpp(124): warning C4244: 'initializing': conversion from 'const float' to 'int', possible loss of data
Tp.cpp(132): warning C4244: '=': conversion from 'float' to 'int', possible loss of data
Tp.cpp(138): warning C4244: '=': conversion from 'int' to 'float', possible loss of data
Tp.cpp(139): warning C4244: '=': conversion from 'int' to 'float', possible loss of data
Tp.cpp(140): warning C4244: '=': conversion from 'int' to 'float', possible loss of data
Tp.cpp(141): warning C4244: '=': conversion from 'int' to 'float', possible loss of data
     Creating library D:\Visual Studio 2015\Projects\ULSeeTrackerPlugin\x64\Release\UlSeePlugin.lib and object D:\Visual Studio 2015\Projects\ULSeeTrackerPlugin\x64\Release\UlSeePlugin.exp
  Generating code
  8 of 122 functions ( 6.6%) were compiled, the rest were copied from previous compilation.
    0 functions were new in current compilation
    1 functions had inline decision re-evaluated but remain unchanged
  Finished generating code
  TrackerPlugin.vcxproj -> D:\Visual Studio 2015\Projects\ULSeeTrackerPlugin\x64\Release\UlSeePlugin.dll
  TrackerPlugin.vcxproj -> D:\Visual Studio 2015\Projects\ULSeeTrackerPlugin\x64\Release\UlSeePlugin.pdb (Full PDB)
